<?xml version="1.0" encoding="UTF-8"?>
<!-- Generated by org.testng.reporters.JUnitReportReporter -->
<testsuite hostname="lenovo" failures="0" tests="1" name="Adv_HW_921.DirectorTest" time="0.002" errors="0" timestamp="2022-05-25T13:41:22 MSK" skipped="0">
  <testcase classname="Adv_HW_921.DirectorTest" name="testGetSalary" time="0.002"/>
  <system-out/>
</testsuite> <!-- Adv_HW_921.DirectorTest -->
