<?xml version="1.0" encoding="UTF-8"?>
<!-- Generated by org.testng.reporters.JUnitReportReporter -->
<testsuite hostname="lenovo" failures="0" tests="2" name="Adv_HW_91Test" time="0.004" errors="0" timestamp="2022-05-25T13:41:22 MSK" skipped="0">
  <testcase classname="Adv_HW_91Test" name="testAbbriv2" time="0.001"/>
  <system-out/>
  <testcase classname="Adv_HW_91Test" name="testAbbriv" time="0.003"/>
  <system-out/>
</testsuite> <!-- Adv_HW_91Test -->
